    1  ls
    2  ls -l
    3  cd /
    4  ls
    5  cs ~
    6  cs ~/
    7  cs /usr
    8  cd /usr
    9  ls
   10  cd /
   11  cd ~
   12  ls
   13  exit
   14  wget www.github.com
   15  ls
   16  passwd
   17  ls
   18  mkdir ~/ws1/
   19  ls
   20  cd ws1
   21  git init
   22  ls
   23  ls -l
   24  ls -a
   25  mkdir cs131.git
   26  ls
   27  ls -a
   28  rm .git
   29  rmdir .git
   30  rm -fr .git
   31  ls -a
   32  cd cs131.git
   33  cd ~/
   34  ls
   35  wget www.github.com
   36  ls
   37  rm index.html
   38  ls
   39  cd ~/ws1
   40  ls
   41  cd cs131.git
   42  touch history > cmds.log
   43  ls
   44  nano cmds.log
   45  git init
   46  ls -a
   47  cd ~/
   48  pwd
   49  ls
   50  cd ws1
   51  ls -a
   52  ls
   53  cd ~/
   54  ls
   55  rm index.* 
   56  ls
   57  rm ws1
   58  rmdir ws1
   59  rm -rf ws1
   60  ls
   61  mkdir myproject
   62  cd myproject
   63  git init
   64  ls -a
   65  wget www.github.com
   66  mkdir ws1
   67  cd ws1
   68  history > cmds.log
   69  ls
   70  cat cmds*
   71  cd ..
   72  git status
   73  git add ws1
   74  git status
   75  git remote add origin https://github.com/ANikfarjam/cs131.git
   76  git branch
   77  git cummit -m "ws1 cummit"
   78  git commit -m "ws1 commit"
   79  git config --global user.name "ashkan23fa"
   80  git commit -m "ws1 commit"
   81  git branch
   82  git push -u origin master 
   83  ls
   84  cd myproject
   85  ls
   86  cd ws2
   87  ls
   88  cd taxidata
   89  ls
   90  ls
   91  cd myproject
   92  ls
   93  ls -a
   94  ls
   95  mkdir ws2
   96  ls
   97  cd ws2
   98  cs ~/
   99  cd ~/
  100  cp /datasets/taxidata.tar.gz 
  101  man cp
  102  cp /datasets/taxidata.tar.gz ~/myproject/ws2
  103  cd myproject
  104  js
  105  ls
  106  cd ws2
  107  ls
  108  man tar
  109  tar zxvf taxidata.tar.gz
  110  cat 2019-03.csv
  111  ls
  112  ls -a
  113  car taxidata
  114  cat taxidata
  115  cd taxidata
  116  ls
  117  cd..
  118  cd ..
  119  cat taxidata/2019-03.csv
  120  clear
  121  cat -5 taxidata/2019-03.csv
  122  head -5 taxidata/2019-03.csv
  123  man grep
  124  ls
  125  grep ^[^,]*,[^,]*,"2019-03-12",.*$ taxidata/2019-03.csv
  126  grep ^[^,]*,[^,]*,"2019-03-12",.*$ taxidata/2019-03.csv > result.txt
  127  ls
  128  cat result.tst
  129  cat result.txt
  130  grep ^[^,]*,[^,]*,"2019-03-12",.*$ taxidata/2019-03.csv
  131  grep "^[^,]*,[^,]*,\"2019-03-12\",.*$" taxidata/2019-03.csv
  132  cd taxidata
  133  tail -3 2019-03.csv
  134  cd ..
  135  grep "^[^,]*,[^,]*,\"2019-03-12\" .*,.*$" taxidata/2019-03.csv
  136  grep "^[^,]*,[^,]*,\"2019-03-12.*\",.*$" taxidata/2019-03.csv
  137  ls
  138  cd myproject
  139  ls
  140  cd ws2
  141  ls
  142  rm result.txt
  143  grep "^[^,]*,[^,]*,\"2019-03-12.*\",.*$" taxidata/2019-03.csv | tail -20 > result.txt
  144  ls
  145  cat result.txt
  146  man wc
  147  grep "^[^,]*,[^,]*,\"2019-03-12.*\",.*$" taxidata/2019-03.csv | wc -l >> result.txt
  148  cat result.txt
  149  history > cmds.log
  150  ls
  151  cd..
  152  cd ..
  153  ls -l
  154  ls
  155  ls -a
  156  git status
  157  git add ws2
  158  git status
  159  cd ws2
  160  ls
  161  git add result.txt
  162  git add cmds.log 
  163  git status
  164  git commit -m "Final draft of WS2"
  165  cat cmds.log
  166  ls
  167  rm result.txt 
  168  rm cmds.log 
  169  ls
  170  grep "^[^,]*,[^,]*,\"2019-03-12.*\",.*$" taxidata/2019-03.csv | tail -20 > results.txt
  171  grep "^[^,]*,[^,]*,\"2019-03-12.*\",.*$" taxidata/2019-03.csv | wc -l >> result.txt
  172  cat results.txt
  173  grep "^[^,]*,[^,]*,\"2019-03-12.*\",.*$" taxidata/2019-03.csv | wc -l >> results.txt
  174  ls
  175  rm result.txt
  176  cat results.txt
  177  history > cmds.log
  178  cat cmds.log
  179  git status
  180  git add cmds.log
  181  git status
  182  git add results.txt
  183  git status
  184  git add result.txt
  185  git status
  186  git commit -m "renaming result.txt -> results.txt"
  187  git push
  188  git status
  189  cd ..
  190  ls
  191  git status
  192  ls
  193  cd myproject
  194  ls
  195  cd ws2
  196  ls
  197  cd taxidata
  198  ls 
  199  less 2019-1.csv
  200  less 2019-01.csv
  201  head -5 2019-01.csv
  202  ls
  203  cd myproject
  204  ls
  205  cd ws2
  206  ls
  207  cd taxidata
  208  ls
  209  head -5 2019-01.csv
  210  ls
  211  cd .
  212  pwd
  213  cd~/
  214  cd myproject
  215  ls
  216  mkdir ws3
  217  cd ws3
  218  cd ~/myproject/ws2/taxidata
  219  ls
  220  cat -3 2019-01.csv
  221  head -3 2019-01.csv
  222  cd ~/myproject/ws3
  223  sort -t',' -r -k8,8 ~/myproject/ws2/taxidata/2019-01.csv>sortedjan.csv
  224  ls
  225  rm sortedjan.csv
  226  cut -d '-' -f 8 ~/myproject/ws2/taxidata/2019-01.csv | sort | uique -c | sort -nr | head -3>ws3.txt
  227  ls
  228  cd myproject/
  229  ls
  230  rm typescript
  231  rm a1
  232  rm -f a1
  233  rmdir a1
  234  rm -f a1
  235  rmdir -f a1
  236  rm -r a1
  237  ls
  238  clear
  239  pwd
  240  sctript
  241  script
  242  ls
  243  cat typescript>a1/a1.txt
  244  cd a1
  245  ls
  246  cat a1.txt
  247  history>cmds.log
