    1  ls
    2  ls -l
    3  cd /
    4  ls
    5  cs ~
    6  cs ~/
    7  cs /usr
    8  cd /usr
    9  ls
   10  cd /
   11  cd ~
   12  ls
   13  exit
   14  wget www.github.com
   15  ls
   16  passwd
   17  ls
   18  mkdir ~/ws1/
   19  ls
   20  cd ws1
   21  git init
   22  ls
   23  ls -l
   24  ls -a
   25  mkdir cs131.git
   26  ls
   27  ls -a
   28  rm .git
   29  rmdir .git
   30  rm -fr .git
   31  ls -a
   32  cd cs131.git
   33  cd ~/
   34  ls
   35  wget www.github.com
   36  ls
   37  rm index.html
   38  ls
   39  cd ~/ws1
   40  ls
   41  cd cs131.git
   42  touch history > cmds.log
   43  ls
   44  nano cmds.log
   45  git init
   46  ls -a
   47  cd ~/
   48  pwd
   49  ls
   50  cd ws1
   51  ls -a
   52  ls
   53  cd ~/
   54  ls
   55  rm index.* 
   56  ls
   57  rm ws1
   58  rmdir ws1
   59  rm -rf ws1
   60  ls
   61  mkdir myproject
   62  cd myproject
   63  git init
   64  ls -a
   65  wget www.github.com
   66  mkdir ws1
   67  cd ws1
   68  history > cmds.log
   69  ls
   70  cat cmds*
   71  cd ..
   72  git status
   73  git add ws1
   74  git status
   75  git remote add origin https://github.com/ANikfarjam/cs131.git
   76  git branch
   77  git cummit -m "ws1 cummit"
   78  git commit -m "ws1 commit"
   79  git config --global user.name "ashkan23fa"
   80  git commit -m "ws1 commit"
   81  git branch
   82  git push -u origin master 
   83  ls
   84  cd myproject
   85  ls
   86  cd ws2
   87  ls
   88  cd taxidata
   89  ls
   90  ls
   91  cd myproject
   92  ls
   93  ls -a
   94  ls
   95  mkdir ws2
   96  ls
   97  cd ws2
   98  cs ~/
   99  cd ~/
  100  cp /datasets/taxidata.tar.gz 
  101  man cp
  102  cp /datasets/taxidata.tar.gz ~/myproject/ws2
  103  cd myproject
  104  js
  105  ls
  106  cd ws2
  107  ls
  108  man tar
  109  tar zxvf taxidata.tar.gz
  110  cat 2019-03.csv
  111  ls
  112  ls -a
  113  car taxidata
  114  cat taxidata
  115  cd taxidata
  116  ls
  117  cd..
  118  cd ..
  119  cat taxidata/2019-03.csv
  120  clear
  121  cat -5 taxidata/2019-03.csv
  122  head -5 taxidata/2019-03.csv
  123  man grep
  124  ls
  125  grep ^[^,]*,[^,]*,"2019-03-12",.*$ taxidata/2019-03.csv
  126  grep ^[^,]*,[^,]*,"2019-03-12",.*$ taxidata/2019-03.csv > result.txt
  127  ls
  128  cat result.tst
  129  cat result.txt
  130  grep ^[^,]*,[^,]*,"2019-03-12",.*$ taxidata/2019-03.csv
  131  grep "^[^,]*,[^,]*,\"2019-03-12\",.*$" taxidata/2019-03.csv
  132  cd taxidata
  133  tail -3 2019-03.csv
  134  cd ..
  135  grep "^[^,]*,[^,]*,\"2019-03-12\" .*,.*$" taxidata/2019-03.csv
  136  grep "^[^,]*,[^,]*,\"2019-03-12.*\",.*$" taxidata/2019-03.csv
  137  ls
  138  cd myproject
  139  ls
  140  cd ws2
  141  ls
  142  rm result.txt
  143  grep "^[^,]*,[^,]*,\"2019-03-12.*\",.*$" taxidata/2019-03.csv | tail -20 > result.txt
  144  ls
  145  cat result.txt
  146  man wc
  147  grep "^[^,]*,[^,]*,\"2019-03-12.*\",.*$" taxidata/2019-03.csv | wc -l >> result.txt
  148  cat result.txt
  149  history > cmds.log
